<?xml version="1.0" encoding="UTF-8"?>
<testsuite name="TestStage4" tests="1" skipped="0" failures="0" errors="0" timestamp="2022-06-21T18:28:53" hostname="MacBook-Pro-Dmitrii.local" time="0.133">
  <properties/>
  <testcase name="start" classname="TestStage4" time="0.133"/>
  <system-out><![CDATA[?[1;31m
Start test 1?[0m
The username is Max.
?[1;31m
Start test 2?[0m
The file 'abc.txt' is tracked.
?[1;31m
Start test 3?[0m
These are SVCS commands:
config     Get and set a username.
add        Add a file to the index.
log        Show commit logs.
commit     Save changes.
checkout   Restore a file.
These are SVCS commands:
config     Get and set a username.
add        Add a file to the index.
log        Show commit logs.
commit     Save changes.
checkout   Restore a file.
?[1;31m
Start test 4?[0m
Please, tell me who you are.
The username is Max.
The username is Max.
The username is John.
The username is John.
?[1;31m
Start test 5?[0m
Add a file to the index.
The file 'file193.txt' is tracked.
Tracked files:
file193.txt
The file 'file867.txt' is tracked.
Tracked files:
file193.txt
file867.txt
Can't find 'file612.txt'.
?[1;31m
Start test 6?[0m
The username is Diane704.
The file 'first_file.txt' is tracked.
The file 'second_file.txt' is tracked.
Changes are committed.
?[1;31m
Start test 7?[0m
The username is Sofie223.
The file 'first_file.txt' is tracked.
The file 'second_file.txt' is tracked.
No commits yet.
Message was not passed.
Changes are committed.
commit -1197520466
Author: Sofie223
Test message

Nothing to commit.
Changes are committed.
commit -1697238959
Author: Sofie223
Test message3

commit -1197520466
Author: Sofie223
Test message

?[1;31m
Start test 8?[0m
The username is Anna278.
The file 'first_file.txt' is tracked.
The file 'second_file.txt' is tracked.
Changes are committed.
Changes are committed.
Commit id was not passed.
Commit does not exist.
commit -251919991
Author: Anna278
Second commit

commit -1291821993
Author: Anna278
First commit

Switched to commit -1291821993.
?[1;31m
Start test 9?[0m
'wrongArg202' is not a SVCS command.
]]></system-out>
  <system-err><![CDATA[]]></system-err>
</testsuite>
