<?xml version="1.0" encoding="UTF-8"?>
<testsuite name="SeamCarvingTest" tests="1" skipped="0" failures="0" errors="0" timestamp="2022-07-18T09:13:28" hostname="MacBook-Pro-Dmitrii.local" time="7.466">
  <properties/>
  <testcase name="start" classname="SeamCarvingTest" time="7.466"/>
  <system-out><![CDATA[?[1;31m
Start test 1?[0m
?[1;31m
Start test 2?[0m
?[1;31m
Start test 3?[0m
]]></system-out>
  <system-err><![CDATA[]]></system-err>
</testsuite>
